<?xml version="1.0" encoding="UTF-8"?>
<testsuite name="ca.mcgill.ecse321.gitfit.GitFitApplicationTests" tests="1" skipped="0" failures="0" errors="0" timestamp="2024-04-06T22:42:07" hostname="Vlads-Air" time="0.002">
  <properties/>
  <testcase name="contextLoads()" classname="ca.mcgill.ecse321.gitfit.GitFitApplicationTests" time="0.002"/>
  <system-out><![CDATA[2024-04-06T18:42:07.311-04:00  INFO 66381 --- [    Test worker] t.c.s.AnnotationConfigContextLoaderUtils : Could not detect default configuration classes for test class [ca.mcgill.ecse321.gitfit.GitFitApplicationTests]: GitFitApplicationTests does not declare any static, non-private, non-final, nested classes annotated with @Configuration.
2024-04-06T18:42:07.318-04:00  INFO 66381 --- [    Test worker] .b.t.c.SpringBootTestContextBootstrapper : Found @SpringBootConfiguration ca.mcgill.ecse321.gitfit.GitFitApplication for test class ca.mcgill.ecse321.gitfit.GitFitApplicationTests
]]></system-out>
  <system-err><![CDATA[]]></system-err>
</testsuite>
