<?xml version="1.0" encoding="UTF-8"?>
<testsuite name="ca.mcgill.ecse321.gitfit.service.OwnerAccountServiceTests" tests="3" skipped="0" failures="0" errors="0" timestamp="2024-04-06T22:42:07" hostname="Vlads-Air" time="0.016">
  <properties/>
  <testcase name="testGetOwner()" classname="ca.mcgill.ecse321.gitfit.service.OwnerAccountServiceTests" time="0.005"/>
  <testcase name="testUpdateOwnerPassword()" classname="ca.mcgill.ecse321.gitfit.service.OwnerAccountServiceTests" time="0.005"/>
  <testcase name="testUpdateOwnerPasswordInvalidPassword()" classname="ca.mcgill.ecse321.gitfit.service.OwnerAccountServiceTests" time="0.004"/>
  <system-out><![CDATA[2024-04-06T18:42:07.487-04:00  INFO 66381 --- [    Test worker] t.c.s.AnnotationConfigContextLoaderUtils : Could not detect default configuration classes for test class [ca.mcgill.ecse321.gitfit.service.OwnerAccountServiceTests]: OwnerAccountServiceTests does not declare any static, non-private, non-final, nested classes annotated with @Configuration.
2024-04-06T18:42:07.488-04:00  INFO 66381 --- [    Test worker] .b.t.c.SpringBootTestContextBootstrapper : Found @SpringBootConfiguration ca.mcgill.ecse321.gitfit.GitFitApplication for test class ca.mcgill.ecse321.gitfit.service.OwnerAccountServiceTests
]]></system-out>
  <system-err><![CDATA[]]></system-err>
</testsuite>
