<?xml version="1.0" encoding="UTF-8"?>
<testsuite name="ca.mcgill.ecse321.gitfit.service.SessionServiceTests" tests="32" skipped="0" failures="0" errors="0" timestamp="2024-04-06T22:42:07" hostname="Vlads-Air" time="0.114">
  <properties/>
  <testcase name="testGetSessionsByFiltersMaxPrice()" classname="ca.mcgill.ecse321.gitfit.service.SessionServiceTests" time="0.003"/>
  <testcase name="testCreateSessionStartTimeBeforeOpeningTime()" classname="ca.mcgill.ecse321.gitfit.service.SessionServiceTests" time="0.002"/>
  <testcase name="testGetSessionById()" classname="ca.mcgill.ecse321.gitfit.service.SessionServiceTests" time="0.002"/>
  <testcase name="testUpdateSession()" classname="ca.mcgill.ecse321.gitfit.service.SessionServiceTests" time="0.003"/>
  <testcase name="testUpdateSessionNullDate()" classname="ca.mcgill.ecse321.gitfit.service.SessionServiceTests" time="0.002"/>
  <testcase name="testUpdateSessionEndTimeBeforeStartTime()" classname="ca.mcgill.ecse321.gitfit.service.SessionServiceTests" time="0.003"/>
  <testcase name="testGetSessionsByFiltersInstructor()" classname="ca.mcgill.ecse321.gitfit.service.SessionServiceTests" time="0.002"/>
  <testcase name="testCreateSessionTimeSlotTaken()" classname="ca.mcgill.ecse321.gitfit.service.SessionServiceTests" time="0.003"/>
  <testcase name="testGetSessionsByFiltersBetweenDates()" classname="ca.mcgill.ecse321.gitfit.service.SessionServiceTests" time="0.003"/>
  <testcase name="testGetSessionsByFiltersBetweenTimes()" classname="ca.mcgill.ecse321.gitfit.service.SessionServiceTests" time="0.002"/>
  <testcase name="testUpdateSessionTimeSlotTaken()" classname="ca.mcgill.ecse321.gitfit.service.SessionServiceTests" time="0.008"/>
  <testcase name="testUpdateSessionStartTimeBeforeOpeningTime()" classname="ca.mcgill.ecse321.gitfit.service.SessionServiceTests" time="0.003"/>
  <testcase name="testDeleteSession()" classname="ca.mcgill.ecse321.gitfit.service.SessionServiceTests" time="0.002"/>
  <testcase name="testUpdateSessionNullSession()" classname="ca.mcgill.ecse321.gitfit.service.SessionServiceTests" time="0.002"/>
  <testcase name="testCreateSessionNullStartTime()" classname="ca.mcgill.ecse321.gitfit.service.SessionServiceTests" time="0.002"/>
  <testcase name="testCreateSessionNullInstructor()" classname="ca.mcgill.ecse321.gitfit.service.SessionServiceTests" time="0.002"/>
  <testcase name="testCreateSessionNegativePrice()" classname="ca.mcgill.ecse321.gitfit.service.SessionServiceTests" time="0.002"/>
  <testcase name="testGetSessionByIdInvalidId()" classname="ca.mcgill.ecse321.gitfit.service.SessionServiceTests" time="0.002"/>
  <testcase name="testGetAllSessions()" classname="ca.mcgill.ecse321.gitfit.service.SessionServiceTests" time="0.002"/>
  <testcase name="testGetSessionsByFiltersFitnessClass()" classname="ca.mcgill.ecse321.gitfit.service.SessionServiceTests" time="0.002"/>
  <testcase name="testUpdateSessionNullStartTime()" classname="ca.mcgill.ecse321.gitfit.service.SessionServiceTests" time="0.002"/>
  <testcase name="testUpdateSessionNegativePrice()" classname="ca.mcgill.ecse321.gitfit.service.SessionServiceTests" time="0.002"/>
  <testcase name="testUpdateSessionNullEndTime()" classname="ca.mcgill.ecse321.gitfit.service.SessionServiceTests" time="0.002"/>
  <testcase name="testCreateSessionNullFitnessClass()" classname="ca.mcgill.ecse321.gitfit.service.SessionServiceTests" time="0.002"/>
  <testcase name="testCreateSessionEndTimeAfterClosingTime()" classname="ca.mcgill.ecse321.gitfit.service.SessionServiceTests" time="0.002"/>
  <testcase name="testUpdateSessionEndTimeAfterClosingTime()" classname="ca.mcgill.ecse321.gitfit.service.SessionServiceTests" time="0.001"/>
  <testcase name="testCreateSessionNullDate()" classname="ca.mcgill.ecse321.gitfit.service.SessionServiceTests" time="0.001"/>
  <testcase name="testDeleteSessionNullSession()" classname="ca.mcgill.ecse321.gitfit.service.SessionServiceTests" time="0.001"/>
  <testcase name="testCreateSessionEndTimeBeforeStartTime()" classname="ca.mcgill.ecse321.gitfit.service.SessionServiceTests" time="0.002"/>
  <testcase name="testCreateSessionNullEndTime()" classname="ca.mcgill.ecse321.gitfit.service.SessionServiceTests" time="0.002"/>
  <testcase name="testCreateSession()" classname="ca.mcgill.ecse321.gitfit.service.SessionServiceTests" time="0.001"/>
  <testcase name="testGetSessionsByFiltersAllFilters()" classname="ca.mcgill.ecse321.gitfit.service.SessionServiceTests" time="0.001"/>
  <system-out><![CDATA[2024-04-06T18:42:07.761-04:00  INFO 66381 --- [    Test worker] t.c.s.AnnotationConfigContextLoaderUtils : Could not detect default configuration classes for test class [ca.mcgill.ecse321.gitfit.service.SessionServiceTests]: SessionServiceTests does not declare any static, non-private, non-final, nested classes annotated with @Configuration.
2024-04-06T18:42:07.762-04:00  INFO 66381 --- [    Test worker] .b.t.c.SpringBootTestContextBootstrapper : Found @SpringBootConfiguration ca.mcgill.ecse321.gitfit.GitFitApplication for test class ca.mcgill.ecse321.gitfit.service.SessionServiceTests
ca.mcgill.ecse321.gitfit.model.Session@7860e186[id:0,price:20]
  startTime=12:00:00
  endTime=13:00:00
  date=2024-11-12
  instructor = 36d20611
  fitnessClass = 4941bd9c
  sportCenter = 26872661
]]></system-out>
  <system-err><![CDATA[]]></system-err>
</testsuite>
