<?xml version="1.0" encoding="UTF-8"?>
<testsuite name="ca.mcgill.ecse321.gitfit.service.RegistrationServiceTests" tests="11" skipped="0" failures="0" errors="0" timestamp="2024-04-06T22:42:07" hostname="Vlads-Air" time="0.073">
  <properties/>
  <testcase name="testCreateRegistrationSuccessful()" classname="ca.mcgill.ecse321.gitfit.service.RegistrationServiceTests" time="0.004"/>
  <testcase name="testDeleteRegistrationSuccessful()" classname="ca.mcgill.ecse321.gitfit.service.RegistrationServiceTests" time="0.002"/>
  <testcase name="testGetRegistrationByIdSuccessful()" classname="ca.mcgill.ecse321.gitfit.service.RegistrationServiceTests" time="0.002"/>
  <testcase name="testDeleteNonexistentRegistration()" classname="ca.mcgill.ecse321.gitfit.service.RegistrationServiceTests" time="0.007"/>
  <testcase name="testCreateRegistrationWithNonexistentCustomer()" classname="ca.mcgill.ecse321.gitfit.service.RegistrationServiceTests" time="0.002"/>
  <testcase name="testGetAllSessionRegistrationsForNonexistentSession()" classname="ca.mcgill.ecse321.gitfit.service.RegistrationServiceTests" time="0.003"/>
  <testcase name="testGetAllSessionRegistrations()" classname="ca.mcgill.ecse321.gitfit.service.RegistrationServiceTests" time="0.023"/>
  <testcase name="testCreateRegistrationWithNonexistentSession()" classname="ca.mcgill.ecse321.gitfit.service.RegistrationServiceTests" time="0.004"/>
  <testcase name="testGetAllCustomerRegistrationsForNonexistentUser()" classname="ca.mcgill.ecse321.gitfit.service.RegistrationServiceTests" time="0.005"/>
  <testcase name="testGetAllRegistrations()" classname="ca.mcgill.ecse321.gitfit.service.RegistrationServiceTests" time="0.003"/>
  <testcase name="testGetRegistrationByIdNotFound()" classname="ca.mcgill.ecse321.gitfit.service.RegistrationServiceTests" time="0.002"/>
  <system-out><![CDATA[2024-04-06T18:42:07.552-04:00  INFO 66381 --- [    Test worker] t.c.s.AnnotationConfigContextLoaderUtils : Could not detect default configuration classes for test class [ca.mcgill.ecse321.gitfit.service.RegistrationServiceTests]: RegistrationServiceTests does not declare any static, non-private, non-final, nested classes annotated with @Configuration.
2024-04-06T18:42:07.553-04:00  INFO 66381 --- [    Test worker] .b.t.c.SpringBootTestContextBootstrapper : Found @SpringBootConfiguration ca.mcgill.ecse321.gitfit.GitFitApplication for test class ca.mcgill.ecse321.gitfit.service.RegistrationServiceTests
]]></system-out>
  <system-err><![CDATA[]]></system-err>
</testsuite>
