<?xml version="1.0" encoding="UTF-8"?>
<testsuite name="ca.mcgill.ecse321.gitfit.service.BillingServiceTests" tests="8" skipped="0" failures="0" errors="0" timestamp="2024-04-06T22:42:07" hostname="Vlads-Air" time="0.023">
  <properties/>
  <testcase name="createOrUpdateBillingWithInvalidCardNumberTest()" classname="ca.mcgill.ecse321.gitfit.service.BillingServiceTests" time="0.002"/>
  <testcase name="deleteBillingTest()" classname="ca.mcgill.ecse321.gitfit.service.BillingServiceTests" time="0.001"/>
  <testcase name="createOrUpdateBillingWithInvalidPostalCodeTest()" classname="ca.mcgill.ecse321.gitfit.service.BillingServiceTests" time="0.003"/>
  <testcase name="createOrUpdateNonExistingCustomerBillingTest()" classname="ca.mcgill.ecse321.gitfit.service.BillingServiceTests" time="0.001"/>
  <testcase name="deleteNonExistingCustomerBillingTest()" classname="ca.mcgill.ecse321.gitfit.service.BillingServiceTests" time="0.002"/>
  <testcase name="createOrUpdateBillingTest()" classname="ca.mcgill.ecse321.gitfit.service.BillingServiceTests" time="0.002"/>
  <testcase name="createOrUpdateIncompleteFieldBillingTest()" classname="ca.mcgill.ecse321.gitfit.service.BillingServiceTests" time="0.002"/>
  <testcase name="deleteNonExistingBillingTest()" classname="ca.mcgill.ecse321.gitfit.service.BillingServiceTests" time="0.002"/>
  <system-out><![CDATA[2024-04-06T18:42:07.365-04:00  INFO 66381 --- [    Test worker] t.c.s.AnnotationConfigContextLoaderUtils : Could not detect default configuration classes for test class [ca.mcgill.ecse321.gitfit.service.BillingServiceTests]: BillingServiceTests does not declare any static, non-private, non-final, nested classes annotated with @Configuration.
2024-04-06T18:42:07.366-04:00  INFO 66381 --- [    Test worker] .b.t.c.SpringBootTestContextBootstrapper : Found @SpringBootConfiguration ca.mcgill.ecse321.gitfit.GitFitApplication for test class ca.mcgill.ecse321.gitfit.service.BillingServiceTests
]]></system-out>
  <system-err><![CDATA[]]></system-err>
</testsuite>
